20732:52ac 11:42:25.923 Starting server...
20732:52ac 11:42:25.934 Failed to write dbghelp.dll
20732:52ac 11:42:25.935 Initializing application...
20732:52ac 11:42:25.992 Loading ini files...
20732:52ac 11:42:26.019 Loading resource data 'RES_INI_X64'...
20732:52ac 11:42:26.395 Loading resource data finished, 569379 bytes
20732:52ac 11:42:26.396 Loading resource data 'RES_INI_X32X64'...
20732:52ac 11:42:26.421 Loading resource data finished, 3624054 bytes
20732:52ac 11:42:26.421 Parsing ini files data...
20732:52ac 11:42:26.845 Ini files data parsed, 147 files parsed
20732:52ac 11:42:26.846 Dumping data to files...
20732:52ac 11:42:27.055 Data dumped to files
20732:5314 11:42:28.563 check status = 00000000
20732:5314 11:42:28.827 check status = 00000000
20732:5314 11:42:28.828 SetUserEnvironment
20732:5314 11:42:28.828 Dumping current environment...
20732:5314 11:42:28.828 CreateFileA () failed, error 3
20732:5314 11:42:28.828 Set environment from string...
20732:5314 11:42:28.829 change_current_enviroment start
20732:5314 11:42:28.913 Server malloc
20732:5314 11:42:28.914 Server free
20732:5334 11:42:28.917 Detect products with no-detect=0, remove-all=0...
20732:5334 11:42:28.918 ShutdownDetector started watch thread (00000554)
20732:5334 11:42:28.922 Kaspersky Removal Tool 1.0.5497
20732:5334 11:42:28.922 KLeaner initialized
20732:5334 11:42:28.922 OS info...
20732:5538 11:42:28.936 Watch thread started
20732:5334 11:42:29.382 OS version = 10.0.19045, 64 bit
20732:5334 11:42:29.382 OS info = Microsoft Windows 10 Pro, CSDVersion="", Version=10.0.19045, BuildNumber=19045
20732:5334 11:42:29.382 TraceSystemInfo: Time ticks=3362171 ticks64=3362171 idle=7481.3281250 kernel=9858.1718750 user=3589.6718750
20732:5334 11:42:29.382 TraceSystemInfo: System oemId=00000009 pageSize=4096 MinAppAddress=00010000 MaxAppAddress=FFFEFFFF ActiveProcessorMask=0000000F NumberOfProcessors=4 ProcessorType=8664 AllocationGranularity=65536 ProcessorLevel=6 ProcessorRevision=10759
20732:5334 11:42:29.382 TraceSystemInfo: Memory Load=61 Phys=3244134400/8417292288 PageFile=5110591488/10430558208 Virtual=2020564992/2147352576 AvailExtendedVirtual=0
20732:5334 11:42:29.390 TraceSystemInfo: Performance commit(total=1298820,limit=2546523,peak=1305238 phis(total=2055003,avail=792025) syscache=835679 kernel(total=156265,paged=104585,nonpaged=51680) page=4096 handles=95975 processes=194 threads=2309
20732:5334 11:42:29.390 TraceTokenInformation: class=1(User) length=20 [User[Sid=S-1-5-18,Attributes=0]]
20732:5334 11:42:29.390 TraceTokenInformation: class=2(Groups) length=88 [GroupCount=4,[Sid=S-1-5-32-544,Attributes=E],[Sid=S-1-1-0,Attributes=7],[Sid=S-1-5-11,Attributes=7],[Sid=S-1-16-16384,Attributes=60]]
20732:5334 11:42:29.402 TraceTokenInformation: class=3(Privileges) length=340 [PrivilegeCount=28,[Luid=SeAssignPrimaryTokenPrivilege,Attributes=0],[Luid=SeLockMemoryPrivilege,Attributes=3],[Luid=SeIncreaseQuotaPrivilege,Attributes=0],[Luid=SeTcbPrivilege,Attributes=3],[Luid=SeSecurityPrivilege,Attributes=0],[Luid=SeTakeOwnershipPrivilege,Attributes=0],[Luid=SeLoadDriverPrivilege,Attributes=0],[Luid=SeSystemProfilePrivilege,Attributes=3],[Luid=SeSystemtimePrivilege,Attributes=0],[Luid=SeProfileSingleProcessPrivilege,Attributes=3],[Luid=SeIncreaseBasePriorityPrivilege,Attributes=3],[Luid=SeCreatePagefilePrivilege,Attributes=3],[Luid=SeCreatePermanentPrivilege,Attributes=3],[Luid=SeBackupPrivilege,Attributes=0],[Luid=SeRestorePrivilege,Attributes=0],[Luid=SeShutdownPrivilege,Attributes=0],[Luid=SeDebugPrivilege,Attributes=3],[Luid=SeAuditPrivilege,Attributes=3],[Luid=SeSystemEnvironmentPrivilege,Attributes=0],[Luid=SeChangeNotifyPrivilege,Attributes=3],[Luid=SeUndockPrivilege,Attributes=0],[Luid=SeManageVolumePrivilege,Attributes=0],[Luid=SeImpersonatePrivilege,Attributes=3],[Luid=SeCreateGlobalPrivilege,Attributes=3],[Luid=SeIncreaseWorkingSetPrivilege,Attributes=3],[Luid=SeTimeZonePrivilege,Attributes=3],[Luid=SeCreateSymbolicLinkPrivilege,Attributes=3],[Luid=SeDelegateSessionUserImpersonatePrivilege,Attributes=3]]
20732:5334 11:42:29.402 TraceTokenInformation: class=4(Owner) length=20 [Owner=S-1-5-32-544]
20732:5334 11:42:29.402 TraceTokenInformation: class=5(PrimaryGroup) length=16 [PrimaryGroup=S-1-5-18]
20732:5334 11:42:29.402 TraceTokenInformation: class=11(RestrictedSids) length=4 [GroupCount=0]
20732:5334 11:42:29.403 TraceTokenInformation: class=12(SessionId) length=4 [0(00000000)]
20732:5334 11:42:29.403 TraceTokenInformation: class=14(SessionReference) length=1 GetInfo fail error=87
20732:5334 11:42:29.403 TraceTokenInformation: class=15(SandBoxInert) length=4 [0(00000000)]
20732:5334 11:42:29.403 TraceTokenInformation: class=16(AuditPolicy) length=1 GetInfo fail error=1314
20732:5334 11:42:29.403 KLeaner is looking in C:\Users\khder\AppData\Local\Temp\{F4C09308-CDD9-4F9E-B05D-0C93AEA287AF}\jkbasuy1\xsxfr\ for *.ini...
20732:5334 11:42:29.406 file found: df0.ini
20732:5334 11:42:29.460 no detect
20732:5334 11:42:29.460 file found: df1.ini
20732:5334 11:42:29.507 no detect
20732:5334 11:42:29.508 file found: df10.ini
20732:5334 11:42:29.546 no detect
20732:5334 11:42:29.546 file found: df100.ini
20732:5334 11:42:29.580 no detect
20732:5334 11:42:29.581 file found: df101.ini
20732:5334 11:42:29.615 no detect
20732:5334 11:42:29.615 file found: df102.ini
20732:5334 11:42:29.642 no detect
20732:5334 11:42:29.642 file found: df103.ini
20732:5334 11:42:29.668 no detect
20732:5334 11:42:29.668 file found: df104.ini
20732:5334 11:42:29.713 found Kaspersky Secure Connection 5.3
20732:5334 11:42:29.713 file found: df105.ini
20732:5334 11:42:29.752 no detect
20732:5334 11:42:29.752 file found: df106.ini
20732:5334 11:42:29.800 no detect
20732:5334 11:42:29.800 file found: df107.ini
20732:5334 11:42:29.843 no detect
20732:5334 11:42:29.843 file found: df108.ini
20732:5334 11:42:29.873 no detect
20732:5334 11:42:29.874 file found: df109.ini
20732:5334 11:42:29.907 no detect
20732:5334 11:42:29.907 file found: df11.ini
20732:5334 11:42:29.941 no detect
20732:5334 11:42:29.942 file found: df110.ini
20732:5334 11:42:29.979 no detect
20732:5334 11:42:29.979 file found: df111.ini
20732:5334 11:42:30.027 no detect
20732:5334 11:42:30.028 file found: df112.ini
20732:5334 11:42:30.072 Detect value 'Localization=ru-RU'...
20732:5334 11:42:30.072 Detect data 'ru-RU'...
20732:5334 11:42:30.072 Detect resized value 'Localization'...
20732:5334 11:42:30.073 RegOpenKeyEx(80000002H\SOFTWARE\KasperskyLab\AntiRansom4) failed. Error 2: The system cannot find the file specified.
20732:5334 11:42:30.073 Cannot open key
20732:5334 11:42:30.073 Detect value 'Localization=ru-RU'...
20732:5334 11:42:30.073 Detect data 'ru-RU'...
20732:5334 11:42:30.073 Detect resized value 'Localization'...
20732:5334 11:42:30.073 RegOpenKeyEx(80000002H\SOFTWARE\KasperskyLab\AntiRansom4) failed. Error 2: The system cannot find the file specified.
20732:5334 11:42:30.074 Cannot open key
20732:5334 11:42:30.074 no detect
20732:5334 11:42:30.074 file found: df113.ini
20732:5334 11:42:30.108 Detecting upgrade code 'EC4327A59EB71784E9300F4BA9C7E3A2,MinVersion=0x00000000,MaxVersion=0xFFFFFFFF'
20732:5334 11:42:30.108 upgrade-code='EC4327A59EB71784E9300F4BA9C7E3A2' MinVersion=true,0 MaxVersion=true,-1
20732:5334 11:42:30.109 RegOpenKeyEx(00000534H\EC4327A59EB71784E9300F4BA9C7E3A2) failed. Error 2: The system cannot find the file specified.
20732:5334 11:42:30.109 Fail! get upgrade code key error: err 2
20732:5334 11:42:30.109 no detect
20732:5334 11:42:30.109 file found: df114.ini
20732:5334 11:42:30.139 Detecting upgrade code 'C0D16C9919DE969458D3A48B6E8D97A2,MinVersion=0x00000000,MaxVersion=0xFFFFFFFF'
20732:5334 11:42:30.139 upgrade-code='C0D16C9919DE969458D3A48B6E8D97A2' MinVersion=true,0 MaxVersion=true,-1
20732:5334 11:42:30.139 RegOpenKeyEx(000005A4H\C0D16C9919DE969458D3A48B6E8D97A2) failed. Error 2: The system cannot find the file specified.
20732:5334 11:42:30.140 Fail! get upgrade code key error: err 2
20732:5334 11:42:30.140 no detect
20732:5334 11:42:30.140 file found: df115.ini
20732:5334 11:42:30.167 no detect
20732:5334 11:42:30.168 file found: df116.ini
20732:5334 11:42:30.204 no detect
20732:5334 11:42:30.205 file found: df117.ini
20732:5334 11:42:30.255 no detect
20732:5334 11:42:30.256 file found: df118.ini
20732:5334 11:42:30.295 no detect
20732:5334 11:42:30.296 file found: df119.ini
20732:5334 11:42:30.330 apply_local_context_command: 'local.x64' 'false'
20732:5334 11:42:30.330 no detect
20732:5334 11:42:30.331 file found: df12.ini
20732:5334 11:42:30.363 no detect
20732:5334 11:42:30.363 file found: df120.ini
20732:5334 11:42:30.404 no detect
20732:5334 11:42:30.404 file found: df121.ini
20732:5334 11:42:30.440 no detect
20732:5334 11:42:30.440 file found: df122.ini
20732:5334 11:42:30.471 no detect
20732:5334 11:42:30.472 file found: df123.ini
20732:5334 11:42:30.516 no detect
20732:5334 11:42:30.516 file found: df124.ini
20732:5334 11:42:30.561 no detect
20732:5334 11:42:30.562 file found: df125.ini
20732:5334 11:42:30.595 no detect
20732:5334 11:42:30.596 file found: df126.ini
20732:5334 11:42:30.631 no detect
20732:5334 11:42:30.632 file found: df127.ini
20732:5334 11:42:30.688 no detect
20732:5334 11:42:30.689 file found: df128.ini
20732:5334 11:42:30.728 no detect
20732:5334 11:42:30.728 file found: df129.ini
20732:5334 11:42:30.766 no detect
20732:5334 11:42:30.766 file found: df13.ini
20732:5334 11:42:30.796 Detect value 'UninstallProductShortcutName=Remove Kaspersky Anti-Ransomware Tool for Business 4'...
20732:5334 11:42:30.796 Detect data 'Remove Kaspersky Anti-Ransomware Tool for Business 4'...
20732:5334 11:42:30.796 Detect resized value 'UninstallProductShortcutName'...
20732:5334 11:42:30.796 RegOpenKeyEx(80000002H\SOFTWARE\KasperskyLab\AntiRansom4\Installer\shortcuts) failed. Error 2: The system cannot find the file specified.
20732:5334 11:42:30.796 Cannot open key
20732:5334 11:42:30.796 Detect value 'UninstallProductShortcutName=Remove Kaspersky Anti-Ransomware Tool for Business 4'...
20732:5334 11:42:30.797 Detect data 'Remove Kaspersky Anti-Ransomware Tool for Business 4'...
20732:5334 11:42:30.797 Detect resized value 'UninstallProductShortcutName'...
20732:5334 11:42:30.797 RegOpenKeyEx(80000002H\SOFTWARE\KasperskyLab\AntiRansom4\Installer\shortcuts) failed. Error 2: The system cannot find the file specified.
20732:5334 11:42:30.797 Cannot open key
20732:5334 11:42:30.797 Detect value 'UninstallProductShortcutName=Remove Kaspersky Anti-Ransomware Tool for Business 5'...
20732:5334 11:42:30.797 Detect data 'Remove Kaspersky Anti-Ransomware Tool for Business 5'...
20732:5334 11:42:30.797 Detect resized value 'UninstallProductShortcutName'...
20732:5334 11:42:30.797 RegOpenKeyEx(80000002H\SOFTWARE\KasperskyLab\AntiRansom4\Installer\shortcuts) failed. Error 2: The system cannot find the file specified.
20732:5334 11:42:30.797 Cannot open key
20732:5334 11:42:30.797 Detect value 'UninstallProductShortcutName=Remove Kaspersky Anti-Ransomware Tool for Business 5'...
20732:5334 11:42:30.797 Detect data 'Remove Kaspersky Anti-Ransomware Tool for Business 5'...
20732:5334 11:42:30.797 Detect resized value 'UninstallProductShortcutName'...
20732:5334 11:42:30.797 RegOpenKeyEx(80000002H\SOFTWARE\KasperskyLab\AntiRansom4\Installer\shortcuts) failed. Error 2: The system cannot find the file specified.
20732:5334 11:42:30.797 Cannot open key
20732:5334 11:42:30.797 no detect
20732:5334 11:42:30.797 file found: df130.ini
20732:5334 11:42:30.840 no detect
20732:5334 11:42:30.840 file found: df131.ini
20732:5334 11:42:30.887 no detect
20732:5334 11:42:30.887 file found: df132.ini
20732:5334 11:42:30.923 no detect
20732:5334 11:42:30.924 file found: df133.ini
20732:5334 11:42:30.953 no detect
20732:5334 11:42:30.954 file found: df134.ini
20732:5334 11:42:30.989 no detect
20732:5334 11:42:30.990 file found: df135.ini
20732:5334 11:42:31.028 no detect
20732:5334 11:42:31.029 file found: df136.ini
20732:5334 11:42:31.059 no detect
20732:5334 11:42:31.060 file found: df137.ini
20732:5334 11:42:31.101 no detect
20732:5334 11:42:31.103 file found: df138.ini
20732:5334 11:42:31.141 no detect
20732:5334 11:42:31.142 file found: df139.ini
20732:5334 11:42:31.190 no detect
20732:5334 11:42:31.191 file found: df14.ini
20732:5334 11:42:31.215 no detect
20732:5334 11:42:31.215 file found: df140.ini
20732:5334 11:42:31.257 no detect
20732:5334 11:42:31.258 file found: df141.ini
20732:5334 11:42:31.306 no detect
20732:5334 11:42:31.306 file found: df142.ini
20732:5334 11:42:31.369 no detect
20732:5334 11:42:31.369 file found: df143.ini
20732:5334 11:42:31.614 RegOpenKeyEx(80000002H\SOFTWARE\Kaspersky Lab\Thread Feed Service\DataPath) failed. Error 2: The system cannot find the file specified.
20732:5334 11:42:31.614 no detect
20732:5334 11:42:31.614 file found: df144.ini
20732:5334 11:42:31.654 no detect
20732:5334 11:42:31.655 file found: df145.ini
20732:5334 11:42:31.697 no detect
20732:5334 11:42:31.697 file found: df146.ini
20732:5334 11:42:31.723 This OS is not supported
20732:5334 11:42:31.723 no detect
20732:5334 11:42:31.723 file found: df15.ini
20732:5334 11:42:32.229 no detect
20732:5334 11:42:32.229 file found: df16.ini
20732:5334 11:42:32.254 no detect
20732:5334 11:42:32.254 file found: df17.ini
20732:5334 11:42:32.278 This OS is not supported
20732:5334 11:42:32.278 no detect
20732:5334 11:42:32.278 file found: df18.ini
20732:5334 11:42:32.301 This OS is not supported
20732:5334 11:42:32.301 no detect
20732:5334 11:42:32.301 file found: df19.ini
20732:5334 11:42:32.352 no detect
20732:5334 11:42:32.353 file found: df2.ini
20732:5334 11:42:32.423 no detect
20732:5334 11:42:32.423 file found: df20.ini
20732:5334 11:42:32.466 This OS is not supported
20732:5334 11:42:32.466 no detect
20732:5334 11:42:32.467 file found: df21.ini
20732:5334 11:42:32.498 This OS is not supported
20732:5334 11:42:32.498 no detect
20732:5334 11:42:32.499 file found: df22.ini
20732:5334 11:42:32.523 This OS is not supported
20732:5334 11:42:32.523 no detect
20732:5334 11:42:32.523 file found: df23.ini
20732:5334 11:42:32.565 This OS is not supported
20732:5334 11:42:32.565 no detect
20732:5334 11:42:32.566 file found: df24.ini
20732:5334 11:42:32.597 This OS is not supported
20732:5334 11:42:32.597 no detect
20732:5334 11:42:32.597 file found: df25.ini
20732:5334 11:42:32.628 no detect
20732:5334 11:42:32.629 file found: df26.ini
20732:5334 11:42:32.663 no detect
20732:5334 11:42:32.664 file found: df27.ini
20732:5334 11:42:32.714 no detect
20732:5334 11:42:32.714 file found: df28.ini
20732:5334 11:42:32.747 no detect
20732:5334 11:42:32.747 file found: df29.ini
20732:5334 11:42:32.782 no detect
20732:5334 11:42:32.783 file found: df3.ini
20732:5334 11:42:32.817 no detect
20732:5334 11:42:32.817 file found: df30.ini
20732:5334 11:42:32.915 no detect
20732:5334 11:42:32.915 file found: df31.ini
20732:5334 11:42:32.944 no detect
20732:5334 11:42:32.945 file found: df32.ini
20732:5334 11:42:32.975 no detect
20732:5334 11:42:32.975 file found: df33.ini
20732:5334 11:42:33.023 no detect
20732:5334 11:42:33.024 file found: df34.ini
20732:5334 11:42:33.054 no detect
20732:5334 11:42:33.055 file found: df35.ini
20732:5334 11:42:33.082 no detect
20732:5334 11:42:33.083 file found: df36.ini
20732:5334 11:42:33.143 no detect
20732:5334 11:42:33.144 file found: df37.ini
20732:5334 11:42:33.187 no detect
20732:5334 11:42:33.188 file found: df38.ini
20732:5334 11:42:33.236 no detect
20732:5334 11:42:33.237 file found: df39.ini
20732:5334 11:42:33.275 no detect
20732:5334 11:42:33.275 file found: df4.ini
20732:5334 11:42:33.303 no detect
20732:5334 11:42:33.303 file found: df40.ini
20732:5334 11:42:33.349 no detect
20732:5334 11:42:33.350 file found: df41.ini
20732:5334 11:42:33.383 no detect
20732:5334 11:42:33.383 file found: df42.ini
20732:5334 11:42:33.421 no detect
20732:5334 11:42:33.422 file found: df43.ini
20732:5334 11:42:33.455 no detect
20732:5334 11:42:33.456 file found: df44.ini
20732:5334 11:42:33.494 no detect
20732:5334 11:42:33.495 file found: df45.ini
20732:5334 11:42:33.620 no detect
20732:5334 11:42:33.621 file found: df46.ini
20732:5334 11:42:33.663 no detect
20732:5334 11:42:33.663 file found: df47.ini
20732:5334 11:42:33.705 no detect
20732:5334 11:42:33.705 file found: df48.ini
20732:5334 11:42:33.740 no detect
20732:5334 11:42:33.741 file found: df49.ini
20732:5334 11:42:33.765 no detect
20732:5334 11:42:33.765 file found: df5.ini
20732:5334 11:42:33.797 no detect
20732:5334 11:42:33.797 file found: df50.ini
20732:5334 11:42:33.837 no detect
20732:5334 11:42:33.837 file found: df51.ini
20732:5334 11:42:33.874 no detect
20732:5334 11:42:33.875 file found: df52.ini
20732:5334 11:42:33.913 no detect
20732:5334 11:42:33.914 file found: df53.ini
20732:5334 11:42:33.958 no detect
20732:5334 11:42:33.959 file found: df54.ini
20732:5334 11:42:33.991 no detect
20732:5334 11:42:33.992 file found: df55.ini
20732:5334 11:42:34.041 no detect
20732:5334 11:42:34.041 file found: df56.ini
20732:5334 11:42:34.079 no detect
20732:5334 11:42:34.080 file found: df57.ini
20732:5334 11:42:34.179 no detect
20732:5334 11:42:34.180 file found: df58.ini
20732:5334 11:42:34.218 no detect
20732:5334 11:42:34.218 file found: df59.ini
20732:5334 11:42:34.264 no detect
20732:5334 11:42:34.265 file found: df6.ini
20732:5334 11:42:34.298 no detect
20732:5334 11:42:34.298 file found: df60.ini
20732:5334 11:42:34.338 no detect
20732:5334 11:42:34.339 file found: df61.ini
20732:5334 11:42:34.384 no detect
20732:5334 11:42:34.385 file found: df62.ini
20732:5334 11:42:34.421 no detect
20732:5334 11:42:34.422 file found: df63.ini
20732:5334 11:42:34.474 no detect
20732:5334 11:42:34.475 file found: df64.ini
20732:5334 11:42:34.531 no detect
20732:5334 11:42:34.532 file found: df65.ini
20732:5334 11:42:34.569 no detect
20732:5334 11:42:34.570 file found: df66.ini
20732:5334 11:42:34.607 no detect
20732:5334 11:42:34.608 file found: df67.ini
20732:5334 11:42:34.645 no detect
20732:5334 11:42:34.645 file found: df68.ini
20732:5334 11:42:34.687 no detect
20732:5334 11:42:34.687 file found: df69.ini
20732:5334 11:42:34.716 no detect
20732:5334 11:42:34.716 file found: df7.ini
20732:5334 11:42:34.745 no detect
20732:5334 11:42:34.745 file found: df70.ini
20732:5334 11:42:34.770 no detect
20732:5334 11:42:34.770 file found: df71.ini
20732:5334 11:42:34.792 no detect
20732:5334 11:42:34.792 file found: df72.ini
20732:5334 11:42:34.818 no detect
20732:5334 11:42:34.818 file found: df73.ini
20732:5334 11:42:34.843 no detect
20732:5334 11:42:34.843 file found: df74.ini
20732:5334 11:42:34.869 no detect
20732:5334 11:42:34.869 file found: df75.ini
20732:5334 11:42:35.033 no detect
20732:5334 11:42:35.034 file found: df76.ini
20732:5334 11:42:35.067 no detect
20732:5334 11:42:35.067 file found: df77.ini
20732:5334 11:42:35.102 found Kaspersky Free\Anti-Virus\Internet Security\Total Security\Kaspersky Security 2021MR3
20732:5334 11:42:35.102 file found: df78.ini
20732:5334 11:42:35.143 no detect
20732:5334 11:42:35.143 file found: df79.ini
20732:5334 11:42:35.177 no detect
20732:5334 11:42:35.178 file found: df8.ini
20732:5334 11:42:35.213 no detect
20732:5334 11:42:35.213 file found: df80.ini
20732:5334 11:42:35.252 Detecting upgrade code 'A6317151A20E6524DB14F80340A3A183,MinVersion=0x00000000,MaxVersion=0xFFFFFFFF'
20732:5334 11:42:35.252 upgrade-code='A6317151A20E6524DB14F80340A3A183' MinVersion=true,0 MaxVersion=true,-1
20732:5334 11:42:35.252 RegOpenKeyEx(0000054CH\A6317151A20E6524DB14F80340A3A183) failed. Error 2: The system cannot find the file specified.
20732:5334 11:42:35.252 Fail! get upgrade code key error: err 2
20732:5334 11:42:35.252 no detect
20732:5334 11:42:35.252 file found: df81.ini
20732:5334 11:42:35.282 This OS is not supported
20732:5334 11:42:35.282 no detect
20732:5334 11:42:35.282 file found: df82.ini
20732:5334 11:42:35.317 This OS is not supported
20732:5334 11:42:35.317 no detect
20732:5334 11:42:35.317 file found: df83.ini
20732:5334 11:42:35.365 no detect
20732:5334 11:42:35.365 file found: df84.ini
20732:5334 11:42:35.401 no detect
20732:5334 11:42:35.402 file found: df85.ini
20732:5334 11:42:35.433 This OS is not supported
20732:5334 11:42:35.433 no detect
20732:5334 11:42:35.433 file found: df86.ini
20732:5334 11:42:35.481 Detecting upgrade code 'C4C5F8868570986459B06B66D9B75386,MinVersion=0x00000000,MaxVersion=0xFFFFFFFF'
20732:5334 11:42:35.481 upgrade-code='C4C5F8868570986459B06B66D9B75386' MinVersion=true,0 MaxVersion=true,-1
20732:5334 11:42:35.481 RegOpenKeyEx(000005F4H\C4C5F8868570986459B06B66D9B75386) failed. Error 2: The system cannot find the file specified.
20732:5334 11:42:35.482 Fail! get upgrade code key error: err 2
20732:5334 11:42:35.482 no detect
20732:5334 11:42:35.482 file found: df87.ini
20732:5334 11:42:35.503 This OS is not supported
20732:5334 11:42:35.503 no detect
20732:5334 11:42:35.503 file found: df88.ini
20732:5334 11:42:35.528 Detecting upgrade code '36C901A98B0374C4BA1F81D4D83648E1,MinVersion=0x00000000,MaxVersion=0xFFFFFFFF'
20732:5334 11:42:35.528 upgrade-code='36C901A98B0374C4BA1F81D4D83648E1' MinVersion=true,0 MaxVersion=true,-1
20732:5334 11:42:35.528 RegOpenKeyEx(0000054CH\36C901A98B0374C4BA1F81D4D83648E1) failed. Error 2: The system cannot find the file specified.
20732:5334 11:42:35.529 Fail! get upgrade code key error: err 2
20732:5334 11:42:35.529 no detect
20732:5334 11:42:35.529 file found: df89.ini
20732:5334 11:42:35.560 no detect
20732:5334 11:42:35.560 file found: df9.ini
20732:5334 11:42:35.596 no detect
20732:5334 11:42:35.596 file found: df90.ini
20732:5334 11:42:35.627 no detect
20732:5334 11:42:35.627 file found: df91.ini
20732:5334 11:42:35.658 no detect
20732:5334 11:42:35.658 file found: df92.ini
20732:5334 11:42:35.691 no detect
20732:5334 11:42:35.691 file found: df93.ini
20732:5334 11:42:35.724 no detect
20732:5334 11:42:35.724 file found: df94.ini
20732:5334 11:42:35.751 no detect
20732:5334 11:42:35.751 file found: df95.ini
20732:5334 11:42:35.781 no detect
20732:5334 11:42:35.782 file found: df96.ini
20732:5334 11:42:35.822 no detect
20732:5334 11:42:35.822 file found: df97.ini
20732:5334 11:42:35.849 no detect
20732:5334 11:42:35.849 file found: df98.ini
20732:5334 11:42:35.881 no detect
20732:5334 11:42:35.881 file found: df99.ini
20732:5334 11:42:35.911 no detect
20732:5334 11:42:35.912 Searching finished, product detected.
20732:5334 11:42:35.912 Server malloc
20732:5334 11:42:35.912 Save detected products succ.
20732:5334 11:42:35.912 KLeaner deinitialized
20732:5334 11:42:35.913 Stopping shutdown detector...
20732:5334 11:42:35.913 Waiting for watch thread stop...
20732:5538 11:42:35.913 Watch thread finished
20732:5334 11:42:35.913 Watch thread was stopped
20732:5334 11:42:35.913 Server free
20732:5334 11:42:39.944 RestoreSystemEnvironment
20732:5334 11:42:39.945 Set environment from string...
20732:5334 11:42:39.945 change_current_enviroment start
20732:512c 11:42:39.984 Removing ini files...
20732:52ac 11:42:40.422 Error = 0, return code = 1718
20732:52ac 11:42:40.424 Cannot register serviceCtrlHandler
20732:512c 11:42:40.426 Stopping server...
